D:\PROJETOS\TFS\Compasso\Compasso\Client\dist\out-tsc\src\app\home\home.component.js
D:\PROJETOS\TFS\Compasso\Compasso\Client\dist\out-tsc\src\app\home\home.component.js.map
D:\PROJETOS\TFS\Compasso\Compasso\Client\dist\out-tsc\src\environments\environment.js
D:\PROJETOS\TFS\Compasso\Compasso\Client\dist\out-tsc\src\environments\environment.js.map
D:\PROJETOS\TFS\Compasso\Compasso\Client\dist\out-tsc\src\app\services\base.service.js
D:\PROJETOS\TFS\Compasso\Compasso\Client\dist\out-tsc\src\app\services\base.service.js.map
D:\PROJETOS\TFS\Compasso\Compasso\Client\dist\out-tsc\src\app\security\usuarios\usuario.model.js
D:\PROJETOS\TFS\Compasso\Compasso\Client\dist\out-tsc\src\app\security\usuarios\usuario.model.js.map
D:\PROJETOS\TFS\Compasso\Compasso\Client\dist\out-tsc\src\app\services\conta.service.js
D:\PROJETOS\TFS\Compasso\Compasso\Client\dist\out-tsc\src\app\services\conta.service.js.map
D:\PROJETOS\TFS\Compasso\Compasso\Client\dist\out-tsc\src\app\security\login\access.model.js
D:\PROJETOS\TFS\Compasso\Compasso\Client\dist\out-tsc\src\app\security\login\access.model.js.map
D:\PROJETOS\TFS\Compasso\Compasso\Client\dist\out-tsc\src\app\security\login\login.component.js
D:\PROJETOS\TFS\Compasso\Compasso\Client\dist\out-tsc\src\app\security\login\login.component.js.map
D:\PROJETOS\TFS\Compasso\Compasso\Client\dist\out-tsc\src\app\security\register\register.component.js
D:\PROJETOS\TFS\Compasso\Compasso\Client\dist\out-tsc\src\app\security\register\register.component.js.map
D:\PROJETOS\TFS\Compasso\Compasso\Client\dist\out-tsc\src\app\servicos\servicos.component.js
D:\PROJETOS\TFS\Compasso\Compasso\Client\dist\out-tsc\src\app\servicos\servicos.component.js.map
D:\PROJETOS\TFS\Compasso\Compasso\Client\dist\out-tsc\src\app\portifolio\portifolio.component.js
D:\PROJETOS\TFS\Compasso\Compasso\Client\dist\out-tsc\src\app\portifolio\portifolio.component.js.map
D:\PROJETOS\TFS\Compasso\Compasso\Client\dist\out-tsc\src\app\blog\blog.component.js
D:\PROJETOS\TFS\Compasso\Compasso\Client\dist\out-tsc\src\app\blog\blog.component.js.map
D:\PROJETOS\TFS\Compasso\Compasso\Client\dist\out-tsc\src\app\sobre\sobre.component.js
D:\PROJETOS\TFS\Compasso\Compasso\Client\dist\out-tsc\src\app\sobre\sobre.component.js.map
D:\PROJETOS\TFS\Compasso\Compasso\Client\dist\out-tsc\src\app\contato\contato.component.js
D:\PROJETOS\TFS\Compasso\Compasso\Client\dist\out-tsc\src\app\contato\contato.component.js.map
D:\PROJETOS\TFS\Compasso\Compasso\Client\dist\out-tsc\src\app\security\login\token.model.js
D:\PROJETOS\TFS\Compasso\Compasso\Client\dist\out-tsc\src\app\security\login\token.model.js.map
D:\PROJETOS\TFS\Compasso\Compasso\Client\dist\out-tsc\src\app\security\auth.service.js
D:\PROJETOS\TFS\Compasso\Compasso\Client\dist\out-tsc\src\app\security\auth.service.js.map
D:\PROJETOS\TFS\Compasso\Compasso\Client\dist\out-tsc\src\app\compassocoolab\compassocoolab.component.js
D:\PROJETOS\TFS\Compasso\Compasso\Client\dist\out-tsc\src\app\compassocoolab\compassocoolab.component.js.map
D:\PROJETOS\TFS\Compasso\Compasso\Client\dist\out-tsc\src\app\identidade\identidade.component.js
D:\PROJETOS\TFS\Compasso\Compasso\Client\dist\out-tsc\src\app\identidade\identidade.component.js.map
D:\PROJETOS\TFS\Compasso\Compasso\Client\dist\out-tsc\src\app\servicos\branding\branding.component.js
D:\PROJETOS\TFS\Compasso\Compasso\Client\dist\out-tsc\src\app\servicos\branding\branding.component.js.map
D:\PROJETOS\TFS\Compasso\Compasso\Client\dist\out-tsc\src\app\servicos\livemarketing\livemarketing.component.js
D:\PROJETOS\TFS\Compasso\Compasso\Client\dist\out-tsc\src\app\servicos\livemarketing\livemarketing.component.js.map
D:\PROJETOS\TFS\Compasso\Compasso\Client\dist\out-tsc\src\app\servicos\educacao\educacao.component.js
D:\PROJETOS\TFS\Compasso\Compasso\Client\dist\out-tsc\src\app\servicos\educacao\educacao.component.js.map
D:\PROJETOS\TFS\Compasso\Compasso\Client\dist\out-tsc\src\app\servicos\midia\midia.component.js
D:\PROJETOS\TFS\Compasso\Compasso\Client\dist\out-tsc\src\app\servicos\midia\midia.component.js.map
D:\PROJETOS\TFS\Compasso\Compasso\Client\dist\out-tsc\src\app\servicos\consultoria\consultoria.component.js
D:\PROJETOS\TFS\Compasso\Compasso\Client\dist\out-tsc\src\app\servicos\consultoria\consultoria.component.js.map
D:\PROJETOS\TFS\Compasso\Compasso\Client\dist\out-tsc\src\app\servicos\outsourcing\outsourcing.component.js
D:\PROJETOS\TFS\Compasso\Compasso\Client\dist\out-tsc\src\app\servicos\outsourcing\outsourcing.component.js.map
D:\PROJETOS\TFS\Compasso\Compasso\Client\dist\out-tsc\src\app\app-routing.module.js
D:\PROJETOS\TFS\Compasso\Compasso\Client\dist\out-tsc\src\app\app-routing.module.js.map
D:\PROJETOS\TFS\Compasso\Compasso\Client\dist\out-tsc\src\app\app.component.js
D:\PROJETOS\TFS\Compasso\Compasso\Client\dist\out-tsc\src\app\app.component.js.map
D:\PROJETOS\TFS\Compasso\Compasso\Client\dist\out-tsc\src\app\header\header.component.js
D:\PROJETOS\TFS\Compasso\Compasso\Client\dist\out-tsc\src\app\header\header.component.js.map
D:\PROJETOS\TFS\Compasso\Compasso\Client\dist\out-tsc\src\app\footer\footer.component.js
D:\PROJETOS\TFS\Compasso\Compasso\Client\dist\out-tsc\src\app\footer\footer.component.js.map
D:\PROJETOS\TFS\Compasso\Compasso\Client\dist\out-tsc\src\app\security\recuperar-senha\recuperar-senha.component.js
D:\PROJETOS\TFS\Compasso\Compasso\Client\dist\out-tsc\src\app\security\recuperar-senha\recuperar-senha.component.js.map
D:\PROJETOS\TFS\Compasso\Compasso\Client\dist\out-tsc\src\app\security\usuarios\usuarios.component.js
D:\PROJETOS\TFS\Compasso\Compasso\Client\dist\out-tsc\src\app\security\usuarios\usuarios.component.js.map
D:\PROJETOS\TFS\Compasso\Compasso\Client\dist\out-tsc\src\app\Shared\footer-basic\footer-basic.component.js
D:\PROJETOS\TFS\Compasso\Compasso\Client\dist\out-tsc\src\app\Shared\footer-basic\footer-basic.component.js.map
D:\PROJETOS\TFS\Compasso\Compasso\Client\dist\out-tsc\src\app\portifolio\portifolio-detalhe\portifolio-detalhe.component.js
D:\PROJETOS\TFS\Compasso\Compasso\Client\dist\out-tsc\src\app\portifolio\portifolio-detalhe\portifolio-detalhe.component.js.map
D:\PROJETOS\TFS\Compasso\Compasso\Client\dist\out-tsc\src\app\blog\blog-detalhe\blog-detalhe.component.js
D:\PROJETOS\TFS\Compasso\Compasso\Client\dist\out-tsc\src\app\blog\blog-detalhe\blog-detalhe.component.js.map
D:\PROJETOS\TFS\Compasso\Compasso\Client\dist\out-tsc\src\app\app.module.js
D:\PROJETOS\TFS\Compasso\Compasso\Client\dist\out-tsc\src\app\app.module.js.map
D:\PROJETOS\TFS\Compasso\Compasso\Client\dist\out-tsc\src\main.js
D:\PROJETOS\TFS\Compasso\Compasso\Client\dist\out-tsc\src\main.js.map
D:\PROJETOS\TFS\Compasso\Compasso\Client\dist\out-tsc\src\polyfills.js
D:\PROJETOS\TFS\Compasso\Compasso\Client\dist\out-tsc\src\polyfills.js.map
D:\PROJETOS\TFS\Compasso\Compasso\Client\dist\out-tsc\src\test.js
D:\PROJETOS\TFS\Compasso\Compasso\Client\dist\out-tsc\src\test.js.map
D:\PROJETOS\TFS\Compasso\Compasso\Client\dist\out-tsc\e2e\src\app.po.js
D:\PROJETOS\TFS\Compasso\Compasso\Client\dist\out-tsc\e2e\src\app.po.js.map
D:\PROJETOS\TFS\Compasso\Compasso\Client\dist\out-tsc\e2e\src\app.e2e-spec.js
D:\PROJETOS\TFS\Compasso\Compasso\Client\dist\out-tsc\e2e\src\app.e2e-spec.js.map
D:\PROJETOS\TFS\Compasso\Compasso\Client\dist\out-tsc\src\environments\environment.prod.js
D:\PROJETOS\TFS\Compasso\Compasso\Client\dist\out-tsc\src\environments\environment.prod.js.map
D:\PROJETOS\TFS\Compasso\Compasso\Client\dist\out-tsc\src\app\Restrito\principal\principal.component.js
D:\PROJETOS\TFS\Compasso\Compasso\Client\dist\out-tsc\src\app\Restrito\principal\principal.component.js.map
D:\PROJETOS\TFS\Compasso\Compasso\Client\dist\out-tsc\src\app\Restrito\cad-blog\cad-blog.component.js
D:\PROJETOS\TFS\Compasso\Compasso\Client\dist\out-tsc\src\app\Restrito\cad-blog\cad-blog.component.js.map
D:\PROJETOS\TFS\Compasso\Compasso\Client\dist\out-tsc\src\app\Restrito\restrito.component.js
D:\PROJETOS\TFS\Compasso\Compasso\Client\dist\out-tsc\src\app\Restrito\restrito.component.js.map
D:\PROJETOS\TFS\Compasso\Compasso\Client\dist\out-tsc\src\app\Restrito\cad-servicos\cad-servicosVM\vantagem-view-model.js
D:\PROJETOS\TFS\Compasso\Compasso\Client\dist\out-tsc\src\app\Restrito\cad-servicos\cad-servicosVM\vantagem-view-model.js.map
D:\PROJETOS\TFS\Compasso\Compasso\Client\dist\out-tsc\src\app\Restrito\cad-servicos\cad-servicosVM\imagem-view-model.js
D:\PROJETOS\TFS\Compasso\Compasso\Client\dist\out-tsc\src\app\Restrito\cad-servicos\cad-servicosVM\imagem-view-model.js.map
D:\PROJETOS\TFS\Compasso\Compasso\Client\dist\out-tsc\src\app\Restrito\cad-servicos\cad-servicosVM\cadastra-servico-view-model.js
D:\PROJETOS\TFS\Compasso\Compasso\Client\dist\out-tsc\src\app\Restrito\cad-servicos\cad-servicosVM\cadastra-servico-view-model.js.map
D:\PROJETOS\TFS\Compasso\Compasso\Client\dist\out-tsc\src\app\Shared\result-view-model.model.js
D:\PROJETOS\TFS\Compasso\Compasso\Client\dist\out-tsc\src\app\Shared\result-view-model.model.js.map
D:\PROJETOS\TFS\Compasso\Compasso\Client\dist\out-tsc\src\app\Restrito\cad-servicos\cad-servicos.service.js
D:\PROJETOS\TFS\Compasso\Compasso\Client\dist\out-tsc\src\app\Restrito\cad-servicos\cad-servicos.service.js.map
D:\PROJETOS\TFS\Compasso\Compasso\Client\dist\out-tsc\src\app\Restrito\cad-servicos\cad-servicos.component.js
D:\PROJETOS\TFS\Compasso\Compasso\Client\dist\out-tsc\src\app\Restrito\cad-servicos\cad-servicos.component.js.map
D:\PROJETOS\TFS\Compasso\Compasso\Client\dist\out-tsc\src\app\Restrito\cad-home\cad-home.service.js
D:\PROJETOS\TFS\Compasso\Compasso\Client\dist\out-tsc\src\app\Restrito\cad-home\cad-home.service.js.map
D:\PROJETOS\TFS\Compasso\Compasso\Client\dist\out-tsc\src\app\Restrito\cad-home\identidade-view-model.js
D:\PROJETOS\TFS\Compasso\Compasso\Client\dist\out-tsc\src\app\Restrito\cad-home\identidade-view-model.js.map
D:\PROJETOS\TFS\Compasso\Compasso\Client\dist\out-tsc\src\app\Restrito\cad-home\homesomos-view-model.js
D:\PROJETOS\TFS\Compasso\Compasso\Client\dist\out-tsc\src\app\Restrito\cad-home\homesomos-view-model.js.map
D:\PROJETOS\TFS\Compasso\Compasso\Client\dist\out-tsc\src\app\Restrito\cad-home\cad-home.component.js
D:\PROJETOS\TFS\Compasso\Compasso\Client\dist\out-tsc\src\app\Restrito\cad-home\cad-home.component.js.map
D:\PROJETOS\TFS\Compasso\Compasso\Client\dist\out-tsc\src\app\Restrito\cad-portifolio\cad-portifolio.service.js
D:\PROJETOS\TFS\Compasso\Compasso\Client\dist\out-tsc\src\app\Restrito\cad-portifolio\cad-portifolio.service.js.map
D:\PROJETOS\TFS\Compasso\Compasso\Client\dist\out-tsc\src\app\Restrito\cad-portifolio\cad-portifolio-model.js
D:\PROJETOS\TFS\Compasso\Compasso\Client\dist\out-tsc\src\app\Restrito\cad-portifolio\cad-portifolio-model.js.map
D:\PROJETOS\TFS\Compasso\Compasso\Client\dist\out-tsc\src\app\Restrito\cad-portifolio\cad-portifolio.component.js
D:\PROJETOS\TFS\Compasso\Compasso\Client\dist\out-tsc\src\app\Restrito\cad-portifolio\cad-portifolio.component.js.map
D:\PROJETOS\TFS\Compasso\Compasso\Client\dist\out-tsc\src\app\Restrito\cad-podcasts\cad-podcasts.component.js
D:\PROJETOS\TFS\Compasso\Compasso\Client\dist\out-tsc\src\app\Restrito\cad-podcasts\cad-podcasts.component.js.map
D:\PROJETOS\TFS\Compasso\Compasso\Client\dist\out-tsc\src\app\Restrito\cad-audios\cad-audios.component.js
D:\PROJETOS\TFS\Compasso\Compasso\Client\dist\out-tsc\src\app\Restrito\cad-audios\cad-audios.component.js.map
D:\PROJETOS\TFS\Compasso\Compasso\Client\dist\out-tsc\src\app\Restrito\cad-videos\cad-videos.component.js
D:\PROJETOS\TFS\Compasso\Compasso\Client\dist\out-tsc\src\app\Restrito\cad-videos\cad-videos.component.js.map
D:\PROJETOS\TFS\Compasso\Compasso\Client\dist\out-tsc\src\app\Restrito\analytics-report\analytics-report.component.js
D:\PROJETOS\TFS\Compasso\Compasso\Client\dist\out-tsc\src\app\Restrito\analytics-report\analytics-report.component.js.map
D:\PROJETOS\TFS\Compasso\Compasso\Client\dist\out-tsc\src\app\Restrito\restrito-routing.module.js
D:\PROJETOS\TFS\Compasso\Compasso\Client\dist\out-tsc\src\app\Restrito\restrito-routing.module.js.map
D:\PROJETOS\TFS\Compasso\Compasso\Client\dist\out-tsc\src\app\Restrito\restrito-navbar\restrito-navbar.component.js
D:\PROJETOS\TFS\Compasso\Compasso\Client\dist\out-tsc\src\app\Restrito\restrito-navbar\restrito-navbar.component.js.map
D:\PROJETOS\TFS\Compasso\Compasso\Client\dist\out-tsc\src\app\Restrito\restrito-footer\restrito-footer.component.js
D:\PROJETOS\TFS\Compasso\Compasso\Client\dist\out-tsc\src\app\Restrito\restrito-footer\restrito-footer.component.js.map
D:\PROJETOS\TFS\Compasso\Compasso\Client\dist\out-tsc\src\app\Restrito\restrito.module.js
D:\PROJETOS\TFS\Compasso\Compasso\Client\dist\out-tsc\src\app\Restrito\restrito.module.js.map
D:\PROJETOS\TFS\Compasso\Compasso\Client\dist\out-tsc\src\app\Restrito\restrito.service.js
D:\PROJETOS\TFS\Compasso\Compasso\Client\dist\out-tsc\src\app\Restrito\restrito.service.js.map
D:\PROJETOS\TFS\Compasso\Compasso\Client\dist\out-tsc\src\app\Shared\Shared.components.js
D:\PROJETOS\TFS\Compasso\Compasso\Client\dist\out-tsc\src\app\Shared\Shared.components.js.map
